<?xml version="1.0" encoding="UTF-8"?>
<!-- Generated by org.testng.reporters.JUnitXMLReporter -->
<testsuite hostname="NTS203564L" name="LoginTest" tests="3" failures="0" timestamp="21 Jul 2020 03:22:10 GMT" time="5.84" errors="0">
  <testcase name="doLogin" time="2.436" classname="com.retailapp.tests.LoginTest"/>
  <testcase name="doLogin" time="0.076" classname="com.retailapp.tests.LoginTest"/>
  <testcase name="doLogin" time="0.048" classname="com.retailapp.tests.LoginTest"/>
</testsuite> <!-- LoginTest -->
